Build started 05-11-2024 14:46:12.
     1>Project "C:\Users\lakshya\Desktop\sem7\CS 566\210101062_HMM3\210101062_HMM3\210101062_HMM3.vcxproj" on node 2 (build target(s)).
     1>InitializeBuildStatus:
         Creating "Debug\210101062_HMM3.unsuccessfulbuild" because "AlwaysCreate" was specified.
       ClCompile:
         All outputs are up-to-date.
         C:\Program Files (x86)\Microsoft Visual Studio 10.0\VC\bin\CL.exe /c /ZI /nologo /W3 /WX- /Od /Oy- /D WIN32 /D _DEBUG /D _CONSOLE /D _UNICODE /D UNICODE /Gm /EHsc /RTC1 /MDd /GS /fp:precise /Zc:wchar_t /Zc:forScope /Yu"StdAfx.h" /Fp"Debug\210101062_HMM3.pch" /Fo"Debug\\" /Fd"Debug\vc100.pdb" /Gd /TP /analyze- /errorReport:prompt 210101062_HMM3.cpp
         210101062_HMM3.cpp
     1>c:\users\lakshya\desktop\sem7\cs 566\210101062_hmm3\210101062_hmm3\210101062_hmm3.cpp(231): warning C4996: 'fopen': This function or variable may be unsafe. Consider using fopen_s instead. To disable deprecation, use _CRT_SECURE_NO_WARNINGS. See online help for details.
                 c:\program files (x86)\microsoft visual studio 10.0\vc\include\stdio.h(234) : see declaration of 'fopen'
     1>c:\users\lakshya\desktop\sem7\cs 566\210101062_hmm3\210101062_hmm3\210101062_hmm3.cpp(235): warning C4244: '=' : conversion from 'double' to 'int', possible loss of data
       ManifestResourceCompile:
         All outputs are up-to-date.
       Link:
         C:\Program Files (x86)\Microsoft Visual Studio 10.0\VC\bin\link.exe /ERRORREPORT:PROMPT /OUT:"C:\Users\lakshya\Desktop\sem7\CS 566\210101062_HMM3\Debug\210101062_HMM3.exe" /INCREMENTAL /NOLOGO kernel32.lib user32.lib gdi32.lib winspool.lib comdlg32.lib advapi32.lib shell32.lib ole32.lib oleaut32.lib uuid.lib odbc32.lib odbccp32.lib /MANIFEST /ManifestFile:"Debug\210101062_HMM3.exe.intermediate.manifest" /MANIFESTUAC:"level='asInvoker' uiAccess='false'" /DEBUG /PDB:"C:\Users\lakshya\Desktop\sem7\CS 566\210101062_HMM3\Debug\210101062_HMM3.pdb" /SUBSYSTEM:CONSOLE /TLBID:1 /DYNAMICBASE /NXCOMPAT /IMPLIB:"C:\Users\lakshya\Desktop\sem7\CS 566\210101062_HMM3\Debug\210101062_HMM3.lib" /MACHINE:X86 Debug\210101062_HMM3.exe.embed.manifest.res
         Debug\210101062_HMM3.obj
         Debug\stdafx.obj
       Manifest:
         C:\Program Files (x86)\Microsoft SDKs\Windows\v7.0A\bin\mt.exe /nologo /verbose /out:"Debug\210101062_HMM3.exe.embed.manifest" /manifest Debug\210101062_HMM3.exe.intermediate.manifest
         All outputs are up-to-date.
       LinkEmbedManifest:
         All outputs are up-to-date.
         210101062_HMM3.vcxproj -> C:\Users\lakshya\Desktop\sem7\CS 566\210101062_HMM3\Debug\210101062_HMM3.exe
       FinalizeBuildStatus:
         Deleting file "Debug\210101062_HMM3.unsuccessfulbuild".
         Touching "Debug\210101062_HMM3.lastbuildstate".
     1>Done Building Project "C:\Users\lakshya\Desktop\sem7\CS 566\210101062_HMM3\210101062_HMM3\210101062_HMM3.vcxproj" (build target(s)).

Build succeeded.

Time Elapsed 00:00:01.82
